[2019-03-04T00:12:53.763] [INFO] default - The Node-Express app started successfuly
[2019-03-04T00:12:53.781] [INFO] default - The Database connection is successful
[2019-03-04T00:15:12.552] [INFO] default - The Node-Express app started successfuly
[2019-03-04T00:15:12.570] [INFO] default - The Database connection is successful
[2019-03-04T00:15:27.493] [INFO] default - The Node-Express app started successfuly
[2019-03-04T00:15:27.526] [INFO] default - The Database connection is successful
[2019-03-04T00:15:40.444] [INFO] default - The Node-Express app started successfuly
[2019-03-04T00:15:40.462] [INFO] default - The Database connection is successful
[2019-03-04T00:15:46.217] [INFO] default - The Node-Express app started successfuly
[2019-03-04T00:15:46.235] [INFO] default - The Database connection is successful
[2019-03-04T00:15:56.936] [INFO] default - The Node-Express app started successfuly
[2019-03-04T00:15:56.961] [INFO] default - The Database connection is successful
[2019-03-04T00:17:27.102] [INFO] default - The Node-Express app started successfuly
[2019-03-04T00:17:27.116] [INFO] default - The Database connection is successful
[2019-03-04T00:18:28.065] [INFO] default - The Node-Express app started successfuly
[2019-03-04T00:18:28.079] [INFO] default - The Database connection is successful
[2019-03-04T00:18:31.179] [INFO] default - The Node-Express app started successfuly
[2019-03-04T00:18:31.193] [INFO] default - The Database connection is successful
[2019-03-04T00:19:13.058] [INFO] default - The Node-Express app started successfuly
[2019-03-04T00:19:13.078] [INFO] default - The Database connection is successful
[2019-03-04T00:19:45.768] [INFO] default - #200 .... Request successfully Submited to M-PESA {"phonenumber":"254728655403","email":"mugukuwrites@gmail.com","quotecategory":"Workout"}
[2019-03-04T00:19:45.768] [INFO] default - .............Response Parameters..................
[2019-03-04T00:19:45.768] [INFO] default - {"MerchantRequestID":"25694-8749087-1","CheckoutRequestID":"ws_CO_DMZ_391834083_04032019001935872","ResponseCode":"0","ResponseDescription":"Success. Request accepted for processing","CustomerMessage":"Success. Request accepted for processing"}
[2019-03-04T00:19:45.768] [INFO] default - ............./Response Parameters.................
[2019-03-04T00:20:50.610] [INFO] default - The Node-Express app started successfuly
[2019-03-04T00:20:50.626] [INFO] default - The Database connection is successful
[2019-03-04T00:24:00.142] [INFO] default - The Node-Express app started successfuly
[2019-03-04T00:24:00.164] [INFO] default - The Database connection is successful
[2019-03-04T00:24:06.864] [INFO] default - #200 .... Request successfully Submited to M-PESA {"phonenumber":"254728655403","email":"mugukuwrites@gmail.com","quotecategory":"Workout"}
[2019-03-04T00:24:06.864] [INFO] default - .............Response Parameters..................
[2019-03-04T00:24:06.865] [INFO] default - {"MerchantRequestID":"22514-8006946-1","CheckoutRequestID":"ws_CO_DMZ_391835123_04032019002356998","ResponseCode":"0","ResponseDescription":"Success. Request accepted for processing","CustomerMessage":"Success. Request accepted for processing"}
[2019-03-04T00:24:06.865] [INFO] default - ............./Response Parameters.................
[2019-03-04T00:26:39.140] [INFO] default - The Node-Express app started successfuly
[2019-03-04T00:26:39.155] [INFO] default - The Database connection is successful
[2019-03-04T00:26:57.431] [INFO] default - #200 .... Request successfully Submited to M-PESA {"phonenumber":"254728655403","email":"mugukuwrites@gmail.com","quotecategory":"Workout"}
[2019-03-04T00:26:57.432] [INFO] default - .............Response Parameters..................
[2019-03-04T00:26:57.432] [INFO] default - {"MerchantRequestID":"19389-3015367-1","CheckoutRequestID":"ws_CO_DMZ_391835824_04032019002647609","ResponseCode":"0","ResponseDescription":"Success. Request accepted for processing","CustomerMessage":"Success. Request accepted for processing"}
[2019-03-04T00:26:57.432] [INFO] default - ............./Response Parameters.................
[2019-03-04T00:27:59.151] [INFO] default - The Node-Express app started successfuly
[2019-03-04T00:27:59.165] [INFO] default - The Database connection is successful
[2019-03-04T00:28:02.011] [INFO] default - The Node-Express app started successfuly
[2019-03-04T00:28:02.029] [INFO] default - The Database connection is successful
[2019-03-04T00:28:03.796] [INFO] default - The Node-Express app started successfuly
[2019-03-04T00:28:03.811] [INFO] default - The Database connection is successful
[2019-03-04T00:28:11.519] [INFO] default - The Node-Express app started successfuly
[2019-03-04T00:28:11.538] [INFO] default - The Database connection is successful
[2019-03-04T00:28:18.351] [INFO] default - #200 .... Request successfully Submited to M-PESA {"phonenumber":"254728655403","email":"mugukuwrites@gmail.com","quotecategory":"Workout"}
[2019-03-04T00:28:18.351] [INFO] default - .............Response Parameters..................
[2019-03-04T00:28:18.351] [INFO] default - {"MerchantRequestID":"9224-3023734-1","CheckoutRequestID":"ws_CO_DMZ_391836149_04032019002808607","ResponseCode":"0","ResponseDescription":"Success. Request accepted for processing","CustomerMessage":"Success. Request accepted for processing"}
[2019-03-04T00:28:18.351] [INFO] default - ............./Response Parameters.................
[2019-03-04T00:28:54.399] [INFO] default - The Node-Express app started successfuly
[2019-03-04T00:28:54.414] [INFO] default - The Database connection is successful
[2019-03-04T00:29:34.052] [INFO] default - #200 .... Request successfully Submited to M-PESA {"phonenumber":"254728655403","email":"mugukuwrites@gmail.com","quotecategory":"Workout"}
[2019-03-04T00:29:34.053] [INFO] default - .............Response Parameters..................
[2019-03-04T00:29:34.053] [INFO] default - {"MerchantRequestID":"22520-8007893-1","CheckoutRequestID":"ws_CO_DMZ_391836415_04032019002924396","ResponseCode":"0","ResponseDescription":"Success. Request accepted for processing","CustomerMessage":"Success. Request accepted for processing"}
[2019-03-04T00:29:34.053] [INFO] default - ............./Response Parameters.................
[2019-03-04T00:33:56.495] [INFO] default - The Node-Express app started successfuly
[2019-03-04T00:33:56.510] [INFO] default - The Database connection is successful
[2019-03-04T00:34:07.825] [INFO] default - The Node-Express app started successfuly
[2019-03-04T00:34:07.839] [INFO] default - The Database connection is successful
[2019-03-04T00:34:10.582] [INFO] default - The Node-Express app started successfuly
[2019-03-04T00:34:10.598] [INFO] default - The Database connection is successful
[2019-03-04T00:34:14.383] [INFO] default - The Node-Express app started successfuly
[2019-03-04T00:34:14.397] [INFO] default - The Database connection is successful
[2019-03-04T00:34:22.260] [INFO] default - The Node-Express app started successfuly
[2019-03-04T00:34:22.274] [INFO] default - The Database connection is successful
[2019-03-04T00:34:35.550] [INFO] default - The Node-Express app started successfuly
[2019-03-04T00:34:35.569] [INFO] default - The Database connection is successful
[2019-03-04T00:34:37.584] [INFO] default - The Node-Express app started successfuly
[2019-03-04T00:34:37.599] [INFO] default - The Database connection is successful
[2019-03-04T00:34:39.863] [INFO] default - The Node-Express app started successfuly
[2019-03-04T00:34:39.878] [INFO] default - The Database connection is successful
[2019-03-04T00:34:55.321] [INFO] default - #200 .... Request successfully Submited to M-PESA {"phonenumber":"254728655403","email":"mugukuwrites@gmail.com","quotecategory":"Workout"}
[2019-03-04T00:34:55.321] [INFO] default - .............Response Parameters..................
[2019-03-04T00:34:55.321] [INFO] default - {"MerchantRequestID":"9232-3024985-1","CheckoutRequestID":"ws_CO_DMZ_257732665_04032019003450403","ResponseCode":"0","ResponseDescription":"Success. Request accepted for processing","CustomerMessage":"Success. Request accepted for processing"}
[2019-03-04T00:34:55.322] [INFO] default - ............./Response Parameters.................
[2019-03-04T00:35:28.145] [INFO] default - The Node-Express app started successfuly
[2019-03-04T00:35:28.161] [INFO] default - The Database connection is successful
[2019-03-04T00:35:34.388] [INFO] default - #200 .... Request successfully Submited to M-PESA {"phonenumber":"254728655403","email":"mugukuwrites@gmail.com","quotecategory":"Workout"}
[2019-03-04T00:35:34.389] [INFO] default - .............Response Parameters..................
[2019-03-04T00:35:34.389] [INFO] default - {"MerchantRequestID":"9233-3025113-1","CheckoutRequestID":"ws_CO_DMZ_257732834_04032019003529636","ResponseCode":"0","ResponseDescription":"Success. Request accepted for processing","CustomerMessage":"Success. Request accepted for processing"}
[2019-03-04T00:35:34.389] [INFO] default - ............./Response Parameters.................
[2019-03-04T00:37:21.424] [INFO] default - The Node-Express app started successfuly
[2019-03-04T00:37:21.444] [INFO] default - The Database connection is successful
[2019-03-04T00:37:31.302] [INFO] default - The Node-Express app started successfuly
[2019-03-04T00:37:31.321] [INFO] default - The Database connection is successful
[2019-03-04T00:38:02.567] [INFO] default - The Node-Express app started successfuly
[2019-03-04T00:38:02.585] [INFO] default - The Database connection is successful
[2019-03-04T00:38:06.996] [INFO] default - The Node-Express app started successfuly
[2019-03-04T00:38:07.012] [INFO] default - The Database connection is successful
[2019-03-04T00:38:08.093] [INFO] default - The Node-Express app started successfuly
[2019-03-04T00:38:08.112] [INFO] default - The Database connection is successful
[2019-03-04T00:38:10.311] [INFO] default - The Node-Express app started successfuly
[2019-03-04T00:38:10.341] [INFO] default - The Database connection is successful
[2019-03-04T00:38:15.423] [INFO] default - The Node-Express app started successfuly
[2019-03-04T00:38:15.441] [INFO] default - The Database connection is successful
[2019-03-04T00:38:46.048] [INFO] default - The Node-Express app started successfuly
[2019-03-04T00:38:46.064] [INFO] default - The Database connection is successful
[2019-03-04T00:39:36.976] [INFO] default - #200 .... Request successfully Submited to M-PESA {"phonenumber":"254728655403","email":"mugukuwrites@gmail.com","quotecategory":"Workout"}
[2019-03-04T00:39:36.976] [INFO] default - .............Response Parameters..................
[2019-03-04T00:39:36.976] [INFO] default - {"MerchantRequestID":"9235-3025800-1","CheckoutRequestID":"ws_CO_DMZ_257733914_04032019003932329","ResponseCode":"0","ResponseDescription":"Success. Request accepted for processing","CustomerMessage":"Success. Request accepted for processing"}
[2019-03-04T00:39:36.977] [INFO] default - ............./Response Parameters.................
[2019-03-04T00:41:51.624] [INFO] default - #200 .... Request successfully Submited to M-PESA {"phonenumber":"254728655403","email":"mugukuwrites@gmail.com","quotecategory":"Workout"}
[2019-03-04T00:41:51.625] [INFO] default - .............Response Parameters..................
[2019-03-04T00:41:51.625] [INFO] default - {"MerchantRequestID":"25688-8754251-1","CheckoutRequestID":"ws_CO_DMZ_391839333_04032019004141717","ResponseCode":"0","ResponseDescription":"Success. Request accepted for processing","CustomerMessage":"Success. Request accepted for processing"}
[2019-03-04T00:41:51.626] [INFO] default - ............./Response Parameters.................
[2019-03-04T00:43:04.516] [INFO] default - The Node-Express app started successfuly
[2019-03-04T00:43:04.532] [INFO] default - The Database connection is successful
[2019-03-04T00:43:06.455] [INFO] default - The Node-Express app started successfuly
[2019-03-04T00:43:06.470] [INFO] default - The Database connection is successful
[2019-03-04T00:43:15.766] [INFO] default - The Node-Express app started successfuly
[2019-03-04T00:43:15.782] [INFO] default - The Database connection is successful
[2019-03-04T00:43:24.835] [INFO] default - #200 .... Request successfully Submited to M-PESA {"phonenumber":"254728655403","email":"mugukuwrites@gmail.com","quotecategory":"Workout"}
[2019-03-04T00:43:24.836] [INFO] default - .............Response Parameters..................
[2019-03-04T00:43:24.836] [INFO] default - {"MerchantRequestID":"19397-3018390-1","CheckoutRequestID":"ws_CO_DMZ_257735181_04032019004319966","ResponseCode":"0","ResponseDescription":"Success. Request accepted for processing","CustomerMessage":"Success. Request accepted for processing"}
[2019-03-04T00:43:24.836] [INFO] default - ............./Response Parameters.................
[2019-03-04T00:48:06.037] [INFO] default - The Node-Express app started successfuly
[2019-03-04T00:48:06.052] [INFO] default - The Database connection is successful
[2019-03-04T00:48:07.294] [INFO] default - The Node-Express app started successfuly
[2019-03-04T00:48:07.311] [INFO] default - The Database connection is successful
[2019-03-04T00:49:48.391] [INFO] default - The Node-Express app started successfuly
[2019-03-04T00:49:48.413] [INFO] default - The Database connection is successful
[2019-03-04T00:50:00.723] [INFO] default - #200 .... Request successfully Submited to M-PESA {"phonenumber":"254728655403","email":"mugukuwrites@gmail.com","quotecategory":"Workout"}
[2019-03-04T00:50:00.724] [INFO] default - .............Response Parameters..................
[2019-03-04T00:50:00.725] [INFO] default - {"MerchantRequestID":"9229-3027606-1","CheckoutRequestID":"ws_CO_DMZ_391840313_04032019004950798","ResponseCode":"0","ResponseDescription":"Success. Request accepted for processing","CustomerMessage":"Success. Request accepted for processing"}
[2019-03-04T00:50:00.725] [INFO] default - ............./Response Parameters.................
[2019-03-04T00:52:34.124] [INFO] default - #200 .... Request successfully Submited to M-PESA {"phonenumber":"254728655403","email":"mugukuwrites@gmail.com","quotecategory":"Workout"}
[2019-03-04T00:52:34.125] [INFO] default - .............Response Parameters..................
[2019-03-04T00:52:34.125] [INFO] default - {"MerchantRequestID":"22514-8011911-1","CheckoutRequestID":"ws_CO_DMZ_391840584_04032019005224080","ResponseCode":"0","ResponseDescription":"Success. Request accepted for processing","CustomerMessage":"Success. Request accepted for processing"}
[2019-03-04T00:52:34.125] [INFO] default - ............./Response Parameters.................
[2019-03-04T00:55:29.140] [INFO] default - The Node-Express app started successfuly
[2019-03-04T00:55:29.154] [INFO] default - The Database connection is successful
[2019-03-04T00:55:34.929] [INFO] default - The Node-Express app started successfuly
[2019-03-04T00:55:40.094] [INFO] default - The Database connection is successful
[2019-03-04T00:56:29.410] [INFO] default - #200 .... Request successfully Submited to M-PESA {"phonenumber":"254728655403","email":"mugukuwrites@gmail.com","quotecategory":"Programming"}
[2019-03-04T00:56:29.411] [INFO] default - .............Response Parameters..................
[2019-03-04T00:56:29.411] [INFO] default - {"MerchantRequestID":"9226-3028705-1","CheckoutRequestID":"ws_CO_DMZ_257739344_04032019005624688","ResponseCode":"0","ResponseDescription":"Success. Request accepted for processing","CustomerMessage":"Success. Request accepted for processing"}
[2019-03-04T00:56:29.412] [INFO] default - ............./Response Parameters.................
[2019-03-04T01:07:44.271] [INFO] default - #200 .... Request successfully Submited to M-PESA {"phonenumber":"254728655403","email":"mugukuwrites@gmail.com","quotecategory":"Programming"}
[2019-03-04T01:07:44.271] [INFO] default - .............Response Parameters..................
[2019-03-04T01:07:44.272] [INFO] default - {"MerchantRequestID":"25699-8760033-1","CheckoutRequestID":"ws_CO_DMZ_257742541_04032019010739533","ResponseCode":"0","ResponseDescription":"Success. Request accepted for processing","CustomerMessage":"Success. Request accepted for processing"}
[2019-03-04T01:07:44.272] [INFO] default - ............./Response Parameters.................
[2019-03-04T01:08:59.049] [INFO] default - The Node-Express app started successfuly
[2019-03-04T01:09:07.718] [INFO] default - The Node-Express app started successfuly
[2019-03-04T01:09:08.875] [INFO] default - The Node-Express app started successfuly
[2019-03-04T01:09:23.789] [INFO] default - The Node-Express app started successfuly
[2019-03-04T01:09:27.260] [INFO] default - The Database connection is successful
[2019-03-04T01:10:02.685] [INFO] default - #200 .... Request successfully Submited to M-PESA {"phonenumber":"254728655403","email":"mugukuwrites@gmail.com","quotecategory":"Programming"}
[2019-03-04T01:10:02.685] [INFO] default - .............Response Parameters..................
[2019-03-04T01:10:02.686] [INFO] default - {"MerchantRequestID":"9230-3031017-1","CheckoutRequestID":"ws_CO_DMZ_257743195_04032019010957829","ResponseCode":"0","ResponseDescription":"Success. Request accepted for processing","CustomerMessage":"Success. Request accepted for processing"}
[2019-03-04T01:10:02.686] [INFO] default - ............./Response Parameters.................
[2019-03-04T09:22:19.346] [INFO] default - The Node-Express app started successfuly
[2019-03-04T09:22:20.364] [INFO] default - The Node-Express app started successfuly
[2019-03-04T09:22:24.869] [INFO] default - The Database connection is successful
[2019-03-04T11:00:14.198] [INFO] default - The Node-Express app started successfuly
[2019-03-04T11:00:36.915] [INFO] default - #200 .... Request successfully Submited to M-PESA {"phonenumber":"254728655403","email":"mugukuwrites@gmail.com","quotecategory":"Programming"}
[2019-03-04T11:00:50.720] [INFO] default - The Node-Express app started successfuly
[2019-03-04T11:01:00.238] [INFO] default - The Node-Express app started successfuly
[2019-03-04T11:01:09.079] [INFO] default - #200 .... Request successfully Submited to M-PESA {"phonenumber":"254728655403","email":"mugukuwrites@gmail.com","quotecategory":"Programming"}
[2019-03-04T11:01:09.079] [INFO] default - .............Response Parameters..................
[2019-03-04T11:01:09.079] [INFO] default - {"MerchantRequestID":"22524-8175784-1","CheckoutRequestID":"ws_CO_DMZ_392050834_04032019110058560","ResponseCode":"0","ResponseDescription":"Success. Request accepted for processing","CustomerMessage":"Success. Request accepted for processing"}
[2019-03-04T11:01:09.079] [INFO] default - ............./Response Parameters.................
[2019-03-04T11:01:49.450] [INFO] default - The Database connection is successful
[2019-03-04T11:06:16.808] [INFO] default - The Node-Express app started successfuly
[2019-03-04T11:06:21.873] [INFO] default - The Database connection is successful
[2019-03-04T11:06:28.295] [INFO] default - #200 .... Request successfully Submited to M-PESA {"phonenumber":"254728655403","email":"mugukuwrites@gmail.com","quotecategory":"Programming"}
[2019-03-04T11:06:28.295] [INFO] default - .............Response Parameters..................
[2019-03-04T11:06:28.296] [INFO] default - {"MerchantRequestID":"9234-3196125-1","CheckoutRequestID":"ws_CO_DMZ_257966691_04032019110622518","ResponseCode":"0","ResponseDescription":"Success. Request accepted for processing","CustomerMessage":"Success. Request accepted for processing"}
[2019-03-04T11:06:28.299] [INFO] default - ............./Response Parameters.................
[2019-03-04T11:06:51.503] [INFO] default - The Node-Express app started successfuly
[2019-03-04T11:06:54.850] [INFO] default - The Database connection is successful
[2019-03-04T11:06:56.896] [INFO] default - #200 .... Request successfully Submited to M-PESA {"phonenumber":"254728655403","email":"mugukuwrites@gmail.com","quotecategory":"Programming"}
[2019-03-04T11:06:56.897] [INFO] default - .............Response Parameters..................
[2019-03-04T11:06:56.897] [INFO] default - {"MerchantRequestID":"9230-3196369-1","CheckoutRequestID":"ws_CO_DMZ_392056637_04032019110646256","ResponseCode":"0","ResponseDescription":"Success. Request accepted for processing","CustomerMessage":"Success. Request accepted for processing"}
[2019-03-04T11:06:56.897] [INFO] default - ............./Response Parameters.................
[2019-03-04T11:08:26.306] [INFO] default - The Node-Express app started successfuly
[2019-03-04T11:08:35.680] [INFO] default - The Node-Express app started successfuly
[2019-03-04T11:08:39.696] [INFO] default - The Node-Express app started successfuly
[2019-03-04T11:08:42.253] [INFO] default - The Node-Express app started successfuly
[2019-03-04T11:08:43.767] [INFO] default - The Node-Express app started successfuly
[2019-03-04T11:08:46.911] [INFO] default - The Database connection is successful
[2019-03-04T11:08:49.413] [INFO] default - The Node-Express app started successfuly
[2019-03-04T11:08:52.430] [INFO] default - The Node-Express app started successfuly
[2019-03-04T11:08:54.570] [INFO] default - The Node-Express app started successfuly
[2019-03-04T11:08:58.152] [INFO] default - The Database connection is successful
[2019-03-04T11:09:00.642] [INFO] default - The Node-Express app started successfuly
[2019-03-04T11:09:04.092] [INFO] default - The Database connection is successful
[2019-03-04T11:09:12.880] [INFO] default - #200 .... Request successfully Submited to M-PESA {"phonenumber":"254728655403","email":"mugukuwrites@gmail.com","quotecategory":"Programming"}
[2019-03-04T11:09:12.880] [INFO] default - .............Response Parameters..................
[2019-03-04T11:09:12.881] [INFO] default - {"MerchantRequestID":"19398-3188762-1","CheckoutRequestID":"ws_CO_DMZ_257968552_04032019110906842","ResponseCode":"0","ResponseDescription":"Success. Request accepted for processing","CustomerMessage":"Success. Request accepted for processing"}
[2019-03-04T11:09:12.881] [INFO] default - ............./Response Parameters.................
[2019-03-04T11:09:50.084] [INFO] default - The Node-Express app started successfuly
[2019-03-04T11:09:54.679] [INFO] default - The Database connection is successful
[2019-03-04T11:10:04.617] [INFO] default - The Node-Express app started successfuly
[2019-03-04T11:10:07.586] [INFO] default - The Database connection is successful
[2019-03-04T11:10:19.871] [INFO] default - #200 .... Request successfully Submited to M-PESA {"phonenumber":"254728655403","email":"mugukuwrites@gmail.com","quotecategory":"Programming"}
[2019-03-04T11:10:19.871] [INFO] default - .............Response Parameters..................
[2019-03-04T11:10:19.872] [INFO] default - {"MerchantRequestID":"22511-8180516-1","CheckoutRequestID":"ws_CO_DMZ_392059910_04032019111009024","ResponseCode":"0","ResponseDescription":"Success. Request accepted for processing","CustomerMessage":"Success. Request accepted for processing"}
[2019-03-04T11:10:19.872] [INFO] default - ............./Response Parameters.................
[2019-03-04T11:11:58.289] [INFO] default - The Node-Express app started successfuly
[2019-03-04T11:12:02.608] [INFO] default - The Database connection is successful
[2019-03-04T11:12:07.597] [INFO] default - The Node-Express app started successfuly
[2019-03-04T11:12:11.177] [INFO] default - The Database connection is successful
[2019-03-04T11:12:17.933] [INFO] default - The Node-Express app started successfuly
[2019-03-04T11:12:21.121] [INFO] default - The Database connection is successful
[2019-03-04T11:12:23.628] [INFO] default - The Node-Express app started successfuly
[2019-03-04T11:12:26.857] [INFO] default - The Database connection is successful
[2019-03-04T11:13:50.278] [INFO] default - The Node-Express app started successfuly
[2019-03-04T11:13:55.285] [INFO] default - The Database connection is successful
[2019-03-04T11:13:56.095] [INFO] default - The Node-Express app started successfuly
[2019-03-04T11:13:59.435] [INFO] default - The Database connection is successful
[2019-03-04T11:18:10.198] [INFO] default - The Node-Express app started successfuly
[2019-03-04T11:18:11.510] [INFO] default - The Node-Express app started successfuly
[2019-03-04T11:18:19.107] [INFO] default - The Node-Express app started successfuly
[2019-03-04T11:18:20.604] [INFO] default - The Node-Express app started successfuly
[2019-03-04T11:18:22.587] [INFO] default - The Node-Express app started successfuly
[2019-03-04T11:18:27.555] [INFO] default - The Node-Express app started successfuly
[2019-03-04T11:18:41.215] [INFO] default - The Node-Express app started successfuly
[2019-03-04T11:18:43.362] [INFO] default - The Node-Express app started successfuly
[2019-03-04T11:18:51.067] [INFO] default - The Node-Express app started successfuly
[2019-03-04T11:19:36.488] [INFO] default - Error when connecting to the databaseError: querySrv ESERVFAIL _mongodb._tcp.buyquotes-ddg7d.mongodb.net
[2019-03-04T11:20:23.128] [INFO] default - #200 .... Request successfully Submited to M-PESA {"phonenumber":"254728655403","email":"mugukuwrites@gmail.com","quotecategory":"Programming"}
[2019-03-04T11:20:23.128] [INFO] default - .............Response Parameters..................
[2019-03-04T11:20:23.128] [INFO] default - {"MerchantRequestID":"25695-8964674-1","CheckoutRequestID":"ws_CO_DMZ_392067876_04032019112012637","ResponseCode":"0","ResponseDescription":"Success. Request accepted for processing","CustomerMessage":"Success. Request accepted for processing"}
[2019-03-04T11:20:23.128] [INFO] default - ............./Response Parameters.................
[2019-03-04T11:21:19.061] [INFO] default - The Node-Express app started successfuly
[2019-03-04T11:21:20.307] [INFO] default - The Node-Express app started successfuly
[2019-03-04T11:21:23.988] [INFO] default - The Node-Express app started successfuly
[2019-03-04T11:21:26.144] [INFO] default - The Node-Express app started successfuly
[2019-03-04T11:21:27.388] [INFO] default - The Node-Express app started successfuly
[2019-03-04T11:21:30.477] [INFO] default - The Database connection is successful
[2019-03-04T11:21:37.131] [INFO] default - The Node-Express app started successfuly
[2019-03-04T11:21:40.086] [INFO] default - The Node-Express app started successfuly
[2019-03-04T11:21:43.372] [INFO] default - The Database connection is successful
[2019-03-04T11:22:34.975] [INFO] default - #200 .... Request successfully Submited to M-PESA {"phonenumber":"254728655403","email":"mugukuwrites@gmail.com","quotecategory":"Programming"}
[2019-03-04T11:22:34.976] [INFO] default - .............Response Parameters..................
[2019-03-04T11:22:34.976] [INFO] default - {"MerchantRequestID":"9224-3204179-1","CheckoutRequestID":"ws_CO_DMZ_392069594_04032019112224307","ResponseCode":"0","ResponseDescription":"Success. Request accepted for processing","CustomerMessage":"Success. Request accepted for processing"}
[2019-03-04T11:22:34.976] [INFO] default - ............./Response Parameters.................
[2019-03-04T11:27:07.577] [INFO] default - The Node-Express app started successfuly
[2019-03-04T11:27:09.927] [INFO] default - The Node-Express app started successfuly
[2019-03-04T11:27:12.406] [INFO] default - The Node-Express app started successfuly
[2019-03-04T11:27:15.531] [INFO] default - The Node-Express app started successfuly
[2019-03-04T11:27:17.795] [INFO] default - The Node-Express app started successfuly
[2019-03-04T11:27:18.873] [INFO] default - The Node-Express app started successfuly
[2019-03-04T11:27:22.083] [INFO] default - The Database connection is successful
[2019-03-04T11:27:28.794] [INFO] default - The Node-Express app started successfuly
[2019-03-04T11:27:31.996] [INFO] default - The Database connection is successful
[2019-03-04T11:28:33.261] [INFO] default - The Node-Express app started successfuly
[2019-03-04T11:28:39.771] [INFO] default - The Node-Express app started successfuly
[2019-03-04T11:28:49.762] [INFO] default - The Node-Express app started successfuly
[2019-03-04T11:28:53.034] [INFO] default - The Node-Express app started successfuly
[2019-03-04T11:28:55.295] [INFO] default - The Node-Express app started successfuly
[2019-03-04T11:28:57.106] [INFO] default - The Node-Express app started successfuly
[2019-03-04T11:29:02.706] [INFO] default - The Node-Express app started successfuly
[2019-03-04T11:29:04.219] [INFO] default - The Node-Express app started successfuly
[2019-03-04T11:29:07.474] [INFO] default - The Node-Express app started successfuly
[2019-03-04T11:29:09.087] [INFO] default - The Node-Express app started successfuly
[2019-03-04T11:30:01.776] [INFO] default - Error when connecting to the databaseError: querySrv ETIMEOUT _mongodb._tcp.buyquotes-ddg7d.mongodb.net
[2019-03-04T11:31:29.185] [INFO] default - The Node-Express app started successfuly
[2019-03-04T11:31:30.920] [INFO] default - The Node-Express app started successfuly
[2019-03-04T11:31:32.037] [INFO] default - The Node-Express app started successfuly
[2019-03-04T11:31:37.443] [INFO] default - The Node-Express app started successfuly
[2019-03-04T11:31:42.271] [INFO] default - The Node-Express app started successfuly
[2019-03-04T11:31:46.825] [INFO] default - The Node-Express app started successfuly
[2019-03-04T11:31:51.630] [INFO] default - The Node-Express app started successfuly
[2019-03-04T11:31:53.681] [INFO] default - The Node-Express app started successfuly
[2019-03-04T11:31:54.901] [INFO] default - The Node-Express app started successfuly
[2019-03-04T11:31:56.125] [INFO] default - The Node-Express app started successfuly
[2019-03-04T11:32:01.997] [INFO] default - The Node-Express app started successfuly
[2019-03-04T11:32:06.654] [INFO] default - The Node-Express app started successfuly
[2019-03-04T11:32:07.928] [INFO] default - The Node-Express app started successfuly
[2019-03-04T11:32:09.320] [INFO] default - The Node-Express app started successfuly
[2019-03-04T11:32:11.603] [INFO] default - The Node-Express app started successfuly
[2019-03-04T11:32:46.066] [INFO] default - Error when connecting to the databaseError: querySrv ESERVFAIL _mongodb._tcp.buyquotes-ddg7d.mongodb.net
[2019-03-04T11:33:11.654] [INFO] default - #200 .... Request successfully Submited to M-PESA {"phonenumber":"254728655403","email":"mugukuwrites@gmail.com","quotecategory":"Programming"}
[2019-03-04T11:33:11.654] [INFO] default - .............Response Parameters..................
[2019-03-04T11:33:11.654] [INFO] default - {"MerchantRequestID":"25692-8971927-1","CheckoutRequestID":"ws_CO_DMZ_257986444_04032019113305990","ResponseCode":"0","ResponseDescription":"Success. Request accepted for processing","CustomerMessage":"Success. Request accepted for processing"}
[2019-03-04T11:33:11.654] [INFO] default - ............./Response Parameters.................
[2019-03-04T11:34:26.522] [INFO] default - The Node-Express app started successfuly
[2019-03-04T11:34:30.906] [INFO] default - The Node-Express app started successfuly
[2019-03-04T11:34:35.773] [INFO] default - The Node-Express app started successfuly
[2019-03-04T11:34:39.002] [INFO] default - The Database connection is successful
[2019-03-04T11:34:44.310] [INFO] default - The Node-Express app started successfuly
[2019-03-04T11:34:47.716] [INFO] default - The Node-Express app started successfuly
[2019-03-04T11:34:49.707] [INFO] default - The Node-Express app started successfuly
[2019-03-04T11:34:50.894] [INFO] default - The Node-Express app started successfuly
[2019-03-04T11:34:52.231] [INFO] default - The Node-Express app started successfuly
[2019-03-04T11:34:54.642] [INFO] default - The Node-Express app started successfuly
[2019-03-04T11:34:57.741] [INFO] default - The Database connection is successful
[2019-03-04T11:35:11.381] [INFO] default - The Node-Express app started successfuly
[2019-03-04T11:35:13.807] [INFO] default - The Node-Express app started successfuly
[2019-03-04T11:35:17.023] [INFO] default - The Node-Express app started successfuly
[2019-03-04T11:35:21.928] [INFO] default - #200 .... Request successfully Submited to M-PESA {"phonenumber":"254728655403","email":"mugukuwrites@gmail.com","quotecategory":"Programming"}
[2019-03-04T11:35:21.928] [INFO] default - .............Response Parameters..................
[2019-03-04T11:35:21.928] [INFO] default - {"MerchantRequestID":"19395-3201995-1","CheckoutRequestID":"ws_CO_DMZ_392082009_04032019113511393","ResponseCode":"0","ResponseDescription":"Success. Request accepted for processing","CustomerMessage":"Success. Request accepted for processing"}
[2019-03-04T11:35:21.928] [INFO] default - ............./Response Parameters.................
[2019-03-04T11:35:23.450] [INFO] default - The Database connection is successful
[2019-03-04T11:37:36.536] [INFO] default - The Node-Express app started successfuly
[2019-03-04T11:37:42.177] [INFO] default - The Database connection is successful
[2019-03-04T11:37:47.933] [INFO] default - #200 .... Request successfully Submited to M-PESA {"phonenumber":"254728655403","email":"mugukuwrites@gmail.com","quotecategory":"Programming"}
[2019-03-04T11:37:47.933] [INFO] default - .............Response Parameters..................
[2019-03-04T11:37:47.933] [INFO] default - {"MerchantRequestID":"19398-3203250-1","CheckoutRequestID":"ws_CO_DMZ_257990153_04032019113741995","ResponseCode":"0","ResponseDescription":"Success. Request accepted for processing","CustomerMessage":"Success. Request accepted for processing"}
[2019-03-04T11:37:47.936] [INFO] default - ............./Response Parameters.................
[2019-03-04T11:38:46.145] [INFO] default - The Node-Express app started successfuly
[2019-03-04T11:38:48.322] [INFO] default - The Node-Express app started successfuly
[2019-03-04T11:38:49.268] [INFO] default - The Node-Express app started successfuly
[2019-03-04T11:38:53.177] [INFO] default - The Database connection is successful
[2019-03-04T11:39:06.982] [INFO] default - The Node-Express app started successfuly
[2019-03-04T11:39:09.332] [INFO] default - The Node-Express app started successfuly
[2019-03-04T11:39:17.320] [INFO] default - The Node-Express app started successfuly
[2019-03-04T11:39:20.133] [INFO] default - The Node-Express app started successfuly
[2019-03-04T11:39:23.165] [INFO] default - The Node-Express app started successfuly
[2019-03-04T11:39:26.444] [INFO] default - The Database connection is successful
[2019-03-04T11:39:34.602] [INFO] default - The Node-Express app started successfuly
[2019-03-04T11:39:45.483] [INFO] default - The Node-Express app started successfuly
[2019-03-04T11:39:46.745] [INFO] default - The Node-Express app started successfuly
[2019-03-04T11:39:51.633] [INFO] default - The Database connection is successful
[2019-03-04T11:39:52.646] [INFO] default - The Node-Express app started successfuly
[2019-03-04T11:39:57.152] [INFO] default - The Node-Express app started successfuly
[2019-03-04T11:40:02.695] [INFO] default - The Database connection is successful
[2019-03-04T11:40:13.016] [INFO] default - The Node-Express app started successfuly
[2019-03-04T11:40:14.734] [INFO] default - The Node-Express app started successfuly
[2019-03-04T11:40:18.194] [INFO] default - The Node-Express app started successfuly
[2019-03-04T11:40:20.288] [INFO] default - The Node-Express app started successfuly
[2019-03-04T11:40:23.791] [INFO] default - The Database connection is successful
[2019-03-04T11:40:29.353] [INFO] default - The Node-Express app started successfuly
[2019-03-04T11:40:32.799] [INFO] default - The Database connection is successful
[2019-03-04T11:42:01.397] [INFO] default - #200 .... Request successfully Submited to M-PESA {"phonenumber":"254728655403","email":"mugukuwrites@gmail.com","quotecategory":"Programming"}
[2019-03-04T11:42:01.397] [INFO] default - .............Response Parameters..................
[2019-03-04T11:42:01.398] [INFO] default - {"MerchantRequestID":"22512-8196556-1","CheckoutRequestID":"ws_CO_DMZ_257993434_04032019114155736","ResponseCode":"0","ResponseDescription":"Success. Request accepted for processing","CustomerMessage":"Success. Request accepted for processing"}
[2019-03-04T11:42:01.398] [INFO] default - ............./Response Parameters.................
[2019-03-04T11:43:09.008] [INFO] default - The Node-Express app started successfuly
[2019-03-04T11:43:13.620] [INFO] default - The Database connection is successful
[2019-03-04T11:43:24.475] [INFO] default - #200 .... Request successfully Submited to M-PESA {"phonenumber":"254728655403","email":"mugukuwrites@gmail.com","quotecategory":"Programming"}
[2019-03-04T11:43:24.476] [INFO] default - .............Response Parameters..................
[2019-03-04T11:43:24.476] [INFO] default - {"MerchantRequestID":"22529-8197322-1","CheckoutRequestID":"ws_CO_DMZ_257994753_04032019114318616","ResponseCode":"0","ResponseDescription":"Success. Request accepted for processing","CustomerMessage":"Success. Request accepted for processing"}
[2019-03-04T11:43:24.476] [INFO] default - ............./Response Parameters.................
[2019-03-04T11:43:58.265] [INFO] default - The Node-Express app started successfuly
[2019-03-04T11:44:01.956] [INFO] default - The Database connection is successful
[2019-03-04T11:44:05.123] [INFO] default - The Node-Express app started successfuly
[2019-03-04T11:44:08.849] [INFO] default - The Node-Express app started successfuly
[2019-03-04T11:44:11.761] [INFO] default - The Database connection is successful
[2019-03-04T11:44:16.261] [INFO] default - The Node-Express app started successfuly
[2019-03-04T11:44:18.603] [INFO] default - The Node-Express app started successfuly
[2019-03-04T11:44:22.005] [INFO] default - The Database connection is successful
[2019-03-04T11:44:40.337] [INFO] default - The Node-Express app started successfuly
[2019-03-04T11:44:41.682] [INFO] default - The Node-Express app started successfuly
[2019-03-04T11:44:45.782] [INFO] default - The Database connection is successful
[2019-03-04T11:44:56.690] [INFO] default - The Node-Express app started successfuly
[2019-03-04T11:44:59.705] [INFO] default - The Database connection is successful
[2019-03-04T11:45:04.619] [INFO] default - #200 .... Request successfully Submited to M-PESA {"phonenumber":"254728655403","email":"mugukuwrites@gmail.com","quotecategory":"Programming"}
[2019-03-04T11:45:04.619] [INFO] default - .............Response Parameters..................
[2019-03-04T11:45:04.619] [INFO] default - {"MerchantRequestID":"19389-3207047-1","CheckoutRequestID":"ws_CO_DMZ_392090024_04032019114453943","ResponseCode":"0","ResponseDescription":"Success. Request accepted for processing","CustomerMessage":"Success. Request accepted for processing"}
[2019-03-04T11:45:04.619] [INFO] default - ............./Response Parameters.................
[2019-03-04T11:45:20.739] [INFO] default - The Node-Express app started successfuly
[2019-03-04T11:45:27.157] [INFO] default - #200 .... Request successfully Submited to M-PESA {"phonenumber":"254728655403","email":"mugukuwrites@gmail.com","quotecategory":"Programming"}
[2019-03-04T11:45:27.158] [INFO] default - .............Response Parameters..................
[2019-03-04T11:45:27.159] [INFO] default - {"MerchantRequestID":"9223-3216016-1","CheckoutRequestID":"ws_CO_DMZ_257996444_04032019114521489","ResponseCode":"0","ResponseDescription":"Success. Request accepted for processing","CustomerMessage":"Success. Request accepted for processing"}
[2019-03-04T11:45:27.159] [INFO] default - ............./Response Parameters.................
[2019-03-04T11:46:13.436] [INFO] default - Error when connecting to the databaseError: querySrv ETIMEOUT _mongodb._tcp.buyquotes-ddg7d.mongodb.net
[2019-03-04T11:53:46.040] [INFO] default - #200 .... Request successfully Submited to M-PESA {"phonenumber":"254728655403","email":"mugukuwrites@gmail.com","quotecategory":"Programming"}
[2019-03-04T11:53:46.040] [INFO] default - .............Response Parameters..................
[2019-03-04T11:53:46.040] [INFO] default - {"MerchantRequestID":"25692-8983804-1","CheckoutRequestID":"ws_CO_DMZ_392099985_04032019115335461","ResponseCode":"0","ResponseDescription":"Success. Request accepted for processing","CustomerMessage":"Success. Request accepted for processing"}
[2019-03-04T11:53:46.040] [INFO] default - ............./Response Parameters.................
[2019-03-04T11:55:34.992] [INFO] default - #200 .... Request successfully Submited to M-PESA {"phonenumber":"254728655403","email":"mugukuwrites@gmail.com","quotecategory":"Programming"}
[2019-03-04T11:55:34.992] [INFO] default - .............Response Parameters..................
[2019-03-04T11:55:34.992] [INFO] default - {"MerchantRequestID":"22517-8203826-1","CheckoutRequestID":"ws_CO_DMZ_392102420_04032019115524297","ResponseCode":"0","ResponseDescription":"Success. Request accepted for processing","CustomerMessage":"Success. Request accepted for processing"}
[2019-03-04T11:55:34.992] [INFO] default - ............./Response Parameters.................
[2019-03-04T11:56:34.523] [INFO] default - The Node-Express app started successfuly
[2019-03-04T11:56:38.686] [INFO] default - The Database connection is successful
[2019-03-04T12:06:08.103] [INFO] default - The Node-Express app started successfuly
[2019-03-04T12:06:12.525] [INFO] default - The Database connection is successful
[2019-03-04T12:06:14.980] [INFO] default - #200 .... Request successfully Submited to M-PESA {"phonenumber":"254728655403","email":"mugukuwrites@gmail.com","quotecategory":"Programming"}
[2019-03-04T12:06:14.980] [INFO] default - .............Response Parameters..................
[2019-03-04T12:06:14.980] [INFO] default - {"MerchantRequestID":"19397-3218746-1","CheckoutRequestID":"ws_CO_DMZ_392112490_04032019120604279","ResponseCode":"0","ResponseDescription":"Success. Request accepted for processing","CustomerMessage":"Success. Request accepted for processing"}
[2019-03-04T12:06:14.980] [INFO] default - ............./Response Parameters.................
[2019-03-04T12:06:48.974] [INFO] default - #200 .... Request successfully Submited to M-PESA {"phonenumber":"254728655403","email":"mugukuwrites@gmail.com","quotecategory":"Programming"}
[2019-03-04T12:06:48.975] [INFO] default - .............Response Parameters..................
[2019-03-04T12:06:48.978] [INFO] default - {"MerchantRequestID":"19395-3219035-1","CheckoutRequestID":"ws_CO_DMZ_258015517_04032019120642963","ResponseCode":"0","ResponseDescription":"Success. Request accepted for processing","CustomerMessage":"Success. Request accepted for processing"}
[2019-03-04T12:06:48.978] [INFO] default - ............./Response Parameters.................
[2019-03-04T12:39:46.601] [INFO] default - #200 .... Request successfully Submited to M-PESA {"phonenumber":"254728655403","email":"mugukuwrites@gmail.com","quotecategory":"Programming"}
[2019-03-04T12:39:46.601] [INFO] default - .............Response Parameters..................
[2019-03-04T12:39:46.601] [INFO] default - {"MerchantRequestID":"22527-8227646-1","CheckoutRequestID":"ws_CO_DMZ_392144916_04032019123935900","ResponseCode":"0","ResponseDescription":"Success. Request accepted for processing","CustomerMessage":"Success. Request accepted for processing"}
[2019-03-04T12:39:46.602] [INFO] default - ............./Response Parameters.................
[2019-03-04T12:42:48.673] [INFO] default - #200 .... Request successfully Submited to M-PESA {"phonenumber":"254728655403","email":"mugukuwrites@gmail.com","quotecategory":"Programming"}
[2019-03-04T12:42:48.673] [INFO] default - .............Response Parameters..................
[2019-03-04T12:42:48.674] [INFO] default - {"MerchantRequestID":"9233-3247162-1","CheckoutRequestID":"ws_CO_DMZ_392147063_04032019124238042","ResponseCode":"0","ResponseDescription":"Success. Request accepted for processing","CustomerMessage":"Success. Request accepted for processing"}
[2019-03-04T12:42:48.674] [INFO] default - ............./Response Parameters.................
[2019-03-04T12:45:31.539] [INFO] default - The Node-Express app started successfuly
[2019-03-04T12:45:33.085] [INFO] default - The Node-Express app started successfuly
[2019-03-04T12:45:37.216] [INFO] default - The Database connection is successful
[2019-03-04T12:45:38.481] [INFO] default - The Node-Express app started successfuly
[2019-03-04T12:45:41.057] [INFO] default - The Node-Express app started successfuly
[2019-03-04T12:45:42.559] [INFO] default - The Node-Express app started successfuly
[2019-03-04T12:45:45.816] [INFO] default - The Database connection is successful
[2019-03-04T12:46:31.199] [INFO] default - The Node-Express app started successfuly
[2019-03-04T12:46:32.295] [INFO] default - The Node-Express app started successfuly
[2019-03-04T12:46:34.502] [INFO] default - The Node-Express app started successfuly
[2019-03-04T12:46:36.512] [INFO] default - The Node-Express app started successfuly
[2019-03-04T12:46:40.524] [INFO] default - The Node-Express app started successfuly
[2019-03-04T12:46:46.826] [INFO] default - The Node-Express app started successfuly
[2019-03-04T12:47:21.513] [INFO] default - The Node-Express app started successfuly
[2019-03-04T12:47:31.775] [INFO] default - The Node-Express app started successfuly
[2019-03-04T12:47:32.656] [INFO] default - The Node-Express app started successfuly
[2019-03-04T12:47:40.518] [INFO] default - The Node-Express app started successfuly
[2019-03-04T12:47:42.547] [INFO] default - The Node-Express app started successfuly
[2019-03-04T20:08:51.692] [INFO] default - The Node-Express app started successfuly
[2019-03-04T20:08:51.708] [INFO] default - The Database connection is successful
[2019-03-04T20:09:24.704] [INFO] default - The Node-Express app started successfuly
[2019-03-04T20:09:24.722] [INFO] default - The Database connection is successful
[2019-03-04T20:11:18.758] [INFO] default - The Node-Express app started successfuly
[2019-03-04T20:11:18.779] [INFO] default - The Database connection is successful
[2019-03-04T20:11:24.039] [INFO] default - The Node-Express app started successfuly
[2019-03-04T20:11:24.054] [INFO] default - The Database connection is successful
[2019-03-04T20:11:52.694] [INFO] default - #200 .... Request successfully Submited to M-PESA {"phonenumber":"254728655403","email":"mugukuwrites@gmail.com","quotecategory":"Programming"}
[2019-03-04T20:11:52.694] [INFO] default - .............Response Parameters..................
[2019-03-04T20:11:52.694] [INFO] default - {"MerchantRequestID":"9237-3518172-1","CheckoutRequestID":"ws_CO_DMZ_392604118_04032019201141533","ResponseCode":"0","ResponseDescription":"Success. Request accepted for processing","CustomerMessage":"Success. Request accepted for processing"}
[2019-03-04T20:11:52.694] [INFO] default - ............./Response Parameters.................
[2019-03-04T20:12:20.912] [INFO] default - The Node-Express app started successfuly
[2019-03-04T20:12:20.929] [INFO] default - The Database connection is successful
[2019-03-04T20:12:21.970] [INFO] default - The Node-Express app started successfuly
[2019-03-04T20:12:21.986] [INFO] default - The Database connection is successful
[2019-03-04T20:12:34.520] [INFO] default - The Node-Express app started successfuly
[2019-03-04T20:12:34.536] [INFO] default - The Database connection is successful
[2019-03-04T20:12:45.323] [INFO] default - #200 .... Request successfully Submited to M-PESA {"phonenumber":"254728655403","email":"mugukuwrites@gmail.com","quotecategory":"Programming"}
[2019-03-04T20:12:45.323] [INFO] default - .............Response Parameters..................
[2019-03-04T20:12:45.323] [INFO] default - {"MerchantRequestID":"22526-8500631-1","CheckoutRequestID":"ws_CO_DMZ_258495429_04032019201245069","ResponseCode":"0","ResponseDescription":"Success. Request accepted for processing","CustomerMessage":"Success. Request accepted for processing"}
[2019-03-04T20:12:45.323] [INFO] default - ............./Response Parameters.................
[2019-03-04T20:13:17.155] [INFO] default - The Node-Express app started successfuly
[2019-03-04T20:13:17.170] [INFO] default - The Database connection is successful
[2019-03-04T20:13:26.693] [INFO] default - #200 .... Request successfully Submited to M-PESA {"phonenumber":"254728655403","email":"mugukuwrites@gmail.com","quotecategory":"Programming"}
[2019-03-04T20:13:26.694] [INFO] default - .............Response Parameters..................
[2019-03-04T20:13:26.695] [INFO] default - {"MerchantRequestID":"22527-8501231-1","CheckoutRequestID":"ws_CO_DMZ_392606556_04032019201315428","ResponseCode":"0","ResponseDescription":"Success. Request accepted for processing","CustomerMessage":"Success. Request accepted for processing"}
[2019-03-04T20:13:26.695] [INFO] default - ............./Response Parameters.................
[2019-03-04T20:13:53.504] [INFO] default - The Node-Express app started successfuly
[2019-03-04T20:13:53.522] [INFO] default - The Database connection is successful
[2019-03-04T20:13:55.603] [INFO] default - The Node-Express app started successfuly
[2019-03-04T20:13:55.627] [INFO] default - The Database connection is successful
[2019-03-04T20:14:07.315] [INFO] default - The Node-Express app started successfuly
[2019-03-04T20:14:07.331] [INFO] default - The Database connection is successful
[2019-03-04T20:14:14.818] [INFO] default - #200 .... Request successfully Submited to M-PESA {"phonenumber":"254728655403","email":"mugukuwrites@gmail.com","quotecategory":"Programming"}
[2019-03-04T20:14:14.818] [INFO] default - .............Response Parameters..................
[2019-03-04T20:14:14.818] [INFO] default - {"MerchantRequestID":"9230-3520180-1","CheckoutRequestID":"ws_CO_DMZ_392607659_04032019201403697","ResponseCode":"0","ResponseDescription":"Success. Request accepted for processing","CustomerMessage":"Success. Request accepted for processing"}
[2019-03-04T20:14:14.819] [INFO] default - ............./Response Parameters.................
[2019-03-04T20:14:41.305] [INFO] default - The Node-Express app started successfuly
[2019-03-04T20:14:41.323] [INFO] default - The Database connection is successful
[2019-03-04T20:15:50.407] [INFO] default - The Node-Express app started successfuly
[2019-03-04T20:15:50.422] [INFO] default - The Database connection is successful
[2019-03-04T20:16:03.111] [INFO] default - The Node-Express app started successfuly
[2019-03-04T20:16:03.125] [INFO] default - The Database connection is successful
[2019-03-04T20:16:06.830] [INFO] default - The Node-Express app started successfuly
[2019-03-04T20:16:06.851] [INFO] default - The Database connection is successful
[2019-03-04T20:16:16.872] [INFO] default - #200 .... Request successfully Submited to M-PESA {"phonenumber":"254728655403","email":"mugukuwrites@gmail.com","quotecategory":"Programming"}
[2019-03-04T20:16:16.873] [INFO] default - .............Response Parameters..................
[2019-03-04T20:16:16.873] [INFO] default - {"MerchantRequestID":"9226-3521806-1","CheckoutRequestID":"ws_CO_DMZ_392610610_04032019201605565","ResponseCode":"0","ResponseDescription":"Success. Request accepted for processing","CustomerMessage":"Success. Request accepted for processing"}
[2019-03-04T20:16:16.873] [INFO] default - ............./Response Parameters.................
[2019-03-04T20:19:38.160] [INFO] default - The Node-Express app started successfuly
[2019-03-04T20:19:38.179] [INFO] default - The Database connection is successful
[2019-03-04T20:19:46.791] [INFO] default - #200 .... Request successfully Submited to M-PESA {"phonenumber":"254728655403","email":"mugukuwrites@gmail.com","quotecategory":"Programming"}
[2019-03-04T20:19:46.792] [INFO] default - .............Response Parameters..................
[2019-03-04T20:19:46.792] [INFO] default - {"MerchantRequestID":"19388-3514796-1","CheckoutRequestID":"ws_CO_DMZ_392615399_04032019201935525","ResponseCode":"0","ResponseDescription":"Success. Request accepted for processing","CustomerMessage":"Success. Request accepted for processing"}
[2019-03-04T20:19:46.792] [INFO] default - ............./Response Parameters.................
[2019-03-04T20:20:19.044] [INFO] default - The Node-Express app started successfuly
[2019-03-04T20:20:19.063] [INFO] default - The Database connection is successful
[2019-03-04T20:20:24.058] [INFO] default - #200 .... Request successfully Submited to M-PESA {"phonenumber":"254728655403","email":"mugukuwrites@gmail.com","quotecategory":"Programming"}
[2019-03-04T20:20:24.059] [INFO] default - .............Response Parameters..................
[2019-03-04T20:20:24.059] [INFO] default - {"MerchantRequestID":"22525-8506683-1","CheckoutRequestID":"ws_CO_DMZ_392616307_04032019202012812","ResponseCode":"0","ResponseDescription":"Success. Request accepted for processing","CustomerMessage":"Success. Request accepted for processing"}
[2019-03-04T20:20:24.060] [INFO] default - ............./Response Parameters.................
[2019-03-04T20:21:13.865] [INFO] default - The Node-Express app started successfuly
[2019-03-04T20:21:13.892] [INFO] default - The Database connection is successful
[2019-03-04T20:21:16.502] [INFO] default - The Node-Express app started successfuly
[2019-03-04T20:21:16.521] [INFO] default - The Database connection is successful
[2019-03-04T20:21:38.600] [INFO] default - The Node-Express app started successfuly
[2019-03-04T20:21:38.615] [INFO] default - The Database connection is successful
[2019-03-04T20:25:45.549] [INFO] default - The Node-Express app started successfuly
[2019-03-04T20:25:45.565] [INFO] default - The Database connection is successful
[2019-03-04T20:25:50.280] [INFO] default - The Node-Express app started successfuly
[2019-03-04T20:25:50.303] [INFO] default - The Database connection is successful
[2019-03-04T20:26:03.590] [INFO] default - The Node-Express app started successfuly
[2019-03-04T20:26:03.610] [INFO] default - The Database connection is successful
[2019-03-04T20:26:05.469] [INFO] default - The Node-Express app started successfuly
[2019-03-04T20:26:05.488] [INFO] default - The Database connection is successful
[2019-03-04T20:26:27.093] [INFO] default - The Node-Express app started successfuly
[2019-03-04T20:26:31.167] [INFO] default - The Node-Express app started successfuly
[2019-03-04T20:26:44.909] [INFO] default - The Node-Express app started successfuly
[2019-03-04T20:27:09.783] [INFO] default - The Node-Express app started successfuly
[2019-03-04T20:27:37.493] [INFO] default - The Node-Express app started successfuly
[2019-03-04T20:27:42.717] [INFO] default - The Node-Express app started successfuly
[2019-03-04T20:28:38.553] [INFO] default - The Node-Express app started successfuly
[2019-03-04T20:28:42.365] [INFO] default - The Node-Express app started successfuly
[2019-03-04T20:29:18.895] [INFO] default - The Node-Express app started successfuly
[2019-03-04T20:29:39.261] [INFO] default - #500 .... Bad Request. Request Submitted To M-PESA but rejected {"phonenumber":"254728655403","email":"mugukuwrites@gmail.com","quotecategory":"Programming"}
[2019-03-04T20:29:39.261] [INFO] default - { requestId: '22520-8514213-1',
  errorCode: '404.001.03',
  errorMessage: 'Invalid Access Token' }
[2019-03-04T20:30:40.426] [INFO] default - The Node-Express app started successfuly
[2019-03-04T20:30:49.506] [INFO] default - #200 .... Request successfully Submited to M-PESA {"phonenumber":"254728655403","email":"mugukuwrites@gmail.com","quotecategory":"Programming"}
[2019-03-04T20:30:49.506] [INFO] default - .............Response Parameters..................
[2019-03-04T20:30:49.506] [INFO] default - {"MerchantRequestID":"25699-9323310-1","CheckoutRequestID":"ws_CO_DMZ_392629976_04032019203038167","ResponseCode":"0","ResponseDescription":"Success. Request accepted for processing","CustomerMessage":"Success. Request accepted for processing"}
[2019-03-04T20:30:49.506] [INFO] default - ............./Response Parameters.................
[2019-03-04T20:31:54.281] [INFO] default - The Node-Express app started successfuly
[2019-03-04T20:32:01.799] [INFO] default - #200 .... Request successfully Submited to M-PESA {"phonenumber":"254728655403","email":"mugukuwrites@gmail.com","quotecategory":"Programming"}
[2019-03-04T20:32:01.799] [INFO] default - .............Response Parameters..................
[2019-03-04T20:32:01.800] [INFO] default - {"MerchantRequestID":"25690-9324390-1","CheckoutRequestID":"ws_CO_DMZ_258523325_04032019203201413","ResponseCode":"0","ResponseDescription":"Success. Request accepted for processing","CustomerMessage":"Success. Request accepted for processing"}
[2019-03-04T20:32:01.800] [INFO] default - ............./Response Parameters.................
[2019-03-04T21:19:37.289] [INFO] default - The Node-Express app started successfuly
[2019-03-04T21:19:43.603] [INFO] default - The Node-Express app started successfuly
[2019-03-04T21:19:46.244] [INFO] default - The Node-Express app started successfuly
[2019-03-04T21:19:48.616] [INFO] default - The Node-Express app started successfuly
[2019-03-04T21:19:51.287] [INFO] default - The Node-Express app started successfuly
[2019-03-04T21:19:53.392] [INFO] default - The Node-Express app started successfuly
[2019-03-04T21:20:09.528] [INFO] default - The Node-Express app started successfuly
[2019-03-04T21:20:16.821] [INFO] default - #200 .... Request successfully Submited to M-PESA {"phonenumber":"254728655403","email":"mugukuwrites@gmail.com","quotecategory":"Programming"}
[2019-03-04T21:20:16.821] [INFO] default - .............Response Parameters..................
[2019-03-04T21:20:16.821] [INFO] default - {"MerchantRequestID":"22511-8552695-1","CheckoutRequestID":"ws_CO_DMZ_258585585_04032019212016665","ResponseCode":"0","ResponseDescription":"Success. Request accepted for processing","CustomerMessage":"Success. Request accepted for processing"}
[2019-03-04T21:20:16.821] [INFO] default - ............./Response Parameters.................
[2019-03-04T21:20:29.141] [INFO] default - The Node-Express app started successfuly
[2019-03-04T21:20:32.221] [INFO] default - The Node-Express app started successfuly
[2019-03-04T21:20:36.530] [INFO] default - The Node-Express app started successfuly
[2019-03-04T21:20:40.572] [INFO] default - The Node-Express app started successfuly
[2019-03-04T21:20:40.603] [INFO] default - The Database connection is successful
[2019-03-04T21:20:48.031] [INFO] default - The Node-Express app started successfuly
[2019-03-04T21:20:48.070] [INFO] default - The Database connection is successful
[2019-03-04T21:20:54.318] [INFO] default - The Node-Express app started successfuly
[2019-03-04T21:20:54.332] [INFO] default - The Database connection is successful
[2019-03-04T21:20:58.049] [INFO] default - The Node-Express app started successfuly
[2019-03-04T21:20:58.066] [INFO] default - The Database connection is successful
[2019-03-04T21:21:13.478] [INFO] default - The Node-Express app started successfuly
[2019-03-04T21:21:13.492] [INFO] default - The Database connection is successful
[2019-03-04T21:21:14.785] [INFO] default - The Node-Express app started successfuly
[2019-03-04T21:21:14.800] [INFO] default - The Database connection is successful
[2019-03-04T21:21:24.708] [INFO] default - The Node-Express app started successfuly
[2019-03-04T21:21:24.722] [INFO] default - The Database connection is successful
[2019-03-04T21:21:32.246] [INFO] default - The Node-Express app started successfuly
[2019-03-04T21:21:32.260] [INFO] default - The Database connection is successful
[2019-03-04T21:21:48.073] [INFO] default - The Node-Express app started successfuly
[2019-03-04T21:21:48.088] [INFO] default - The Database connection is successful
[2019-03-04T21:33:04.982] [INFO] default - The Node-Express app started successfuly
[2019-03-04T21:33:05.005] [INFO] default - The Database connection is successful
[2019-03-04T21:34:06.336] [INFO] default - The Node-Express app started successfuly
[2019-03-04T21:34:08.544] [INFO] default - The Node-Express app started successfuly
[2019-03-04T21:34:31.725] [INFO] default - The Node-Express app started successfuly
[2019-03-04T21:34:32.899] [INFO] default - The Node-Express app started successfuly
[2019-03-04T21:34:37.533] [INFO] default - The Node-Express app started successfuly
[2019-03-04T21:50:13.516] [INFO] default - #200 .... Request successfully Submited to M-PESA {"phonenumber":"254728655403","email":"mugukuwrites@gmail.com","quotecategory":"Programming"}
[2019-03-04T21:50:13.518] [INFO] default - .............Response Parameters..................
[2019-03-04T21:50:13.519] [INFO] default - {"MerchantRequestID":"19394-3581497-1","CheckoutRequestID":"ws_CO_DMZ_392734978_04032019215002358","ResponseCode":"0","ResponseDescription":"Success. Request accepted for processing","CustomerMessage":"Success. Request accepted for processing"}
[2019-03-04T21:50:13.520] [INFO] default - ............./Response Parameters.................
[2019-03-04T21:53:35.948] [INFO] default - #200 .... Request successfully Submited to M-PESA {"phonenumber":"254728655403","email":"mugukuwrites@gmail.com","quotecategory":"Programming"}
[2019-03-04T21:53:35.949] [INFO] default - .............Response Parameters..................
[2019-03-04T21:53:35.950] [INFO] default - {"MerchantRequestID":"9231-3593371-1","CheckoutRequestID":"ws_CO_DMZ_392739431_04032019215324598","ResponseCode":"0","ResponseDescription":"Success. Request accepted for processing","CustomerMessage":"Success. Request accepted for processing"}
[2019-03-04T21:53:35.950] [INFO] default - ............./Response Parameters.................
[2019-03-04T22:07:18.418] [INFO] default - #200 .... Request successfully Submited to M-PESA {"phonenumber":"254728655403","email":"mugukuwrites@gmail.com","quotecategory":"Programming"}
[2019-03-04T22:07:18.420] [INFO] default - .............Response Parameters..................
[2019-03-04T22:07:18.420] [INFO] default - {"MerchantRequestID":"22524-8583919-1","CheckoutRequestID":"ws_CO_DMZ_258644354_04032019220717428","ResponseCode":"0","ResponseDescription":"Success. Request accepted for processing","CustomerMessage":"Success. Request accepted for processing"}
[2019-03-04T22:07:18.420] [INFO] default - ............./Response Parameters.................
[2019-03-04T22:10:30.598] [INFO] default - #200 .... Request successfully Submited to M-PESA {"phonenumber":"254728655403","email":"mugukuwrites@gmail.com","quotecategory":"Programming"}
[2019-03-04T22:10:30.600] [INFO] default - .............Response Parameters..................
[2019-03-04T22:10:30.600] [INFO] default - {"MerchantRequestID":"25695-9398890-1","CheckoutRequestID":"ws_CO_DMZ_258647524_04032019221029973","ResponseCode":"0","ResponseDescription":"Success. Request accepted for processing","CustomerMessage":"Success. Request accepted for processing"}
[2019-03-04T22:10:30.600] [INFO] default - ............./Response Parameters.................
[2019-03-04T22:35:19.259] [INFO] default - #200 .... Request successfully Submited to M-PESA {"phonenumber":"254728655403","email":"mugukuwrites@gmail.com","quotecategory":"Programming"}
[2019-03-04T22:35:19.262] [INFO] default - .............Response Parameters..................
[2019-03-04T22:35:19.262] [INFO] default - {"MerchantRequestID":"22514-8600107-1","CheckoutRequestID":"ws_CO_DMZ_392787572_04032019223507813","ResponseCode":"0","ResponseDescription":"Success. Request accepted for processing","CustomerMessage":"Success. Request accepted for processing"}
[2019-03-04T22:35:19.263] [INFO] default - ............./Response Parameters.................
[2019-03-04T22:38:01.667] [INFO] default - #200 .... Request successfully Submited to M-PESA {"phonenumber":"254728655403","email":"mugukuwrites@gmail.com","quotecategory":"Programming"}
[2019-03-04T22:38:01.668] [INFO] default - .............Response Parameters..................
[2019-03-04T22:38:01.669] [INFO] default - {"MerchantRequestID":"19394-3609774-1","CheckoutRequestID":"ws_CO_DMZ_258677124_04032019223801115","ResponseCode":"0","ResponseDescription":"Success. Request accepted for processing","CustomerMessage":"Success. Request accepted for processing"}
[2019-03-04T22:38:01.669] [INFO] default - ............./Response Parameters.................
[2019-03-04T22:42:03.948] [INFO] default - #200 .... Request successfully Submited to M-PESA {"phonenumber":"254728655403","email":"mugukuwrites@gmail.com","quotecategory":"Programming"}
[2019-03-04T22:42:03.950] [INFO] default - .............Response Parameters..................
[2019-03-04T22:42:03.951] [INFO] default - {"MerchantRequestID":"22528-8603389-1","CheckoutRequestID":"ws_CO_DMZ_392793501_04032019224152541","ResponseCode":"0","ResponseDescription":"Success. Request accepted for processing","CustomerMessage":"Success. Request accepted for processing"}
[2019-03-04T22:42:03.951] [INFO] default - ............./Response Parameters.................
[2019-03-04T22:42:37.330] [INFO] default - #200 .... Request successfully Submited to M-PESA {"phonenumber":"254728655403","email":"mugukuwrites@gmail.com","quotecategory":"Programming"}
[2019-03-04T22:42:37.332] [INFO] default - .............Response Parameters..................
[2019-03-04T22:42:37.332] [INFO] default - {"MerchantRequestID":"19397-3611983-1","CheckoutRequestID":"ws_CO_DMZ_258681034_04032019224236848","ResponseCode":"0","ResponseDescription":"Success. Request accepted for processing","CustomerMessage":"Success. Request accepted for processing"}
[2019-03-04T22:42:37.332] [INFO] default - ............./Response Parameters.................
[2019-03-04T22:48:41.875] [INFO] default - #200 .... Request successfully Submited to M-PESA {"phonenumber":"254728655403","email":"mugukuwrites@gmail.com","quotecategory":"Programming"}
[2019-03-04T22:48:41.877] [INFO] default - .............Response Parameters..................
[2019-03-04T22:48:41.878] [INFO] default - {"MerchantRequestID":"9233-3624620-1","CheckoutRequestID":"ws_CO_DMZ_392799203_04032019224830389","ResponseCode":"0","ResponseDescription":"Success. Request accepted for processing","CustomerMessage":"Success. Request accepted for processing"}
[2019-03-04T22:48:41.878] [INFO] default - ............./Response Parameters.................
[2019-03-04T22:51:56.959] [INFO] default - #200 .... Request successfully Submited to M-PESA {"phonenumber":"254728655403","email":"mugukuwrites@gmail.com","quotecategory":"Programming"}
[2019-03-04T22:51:56.964] [INFO] default - .............Response Parameters..................
[2019-03-04T22:51:56.964] [INFO] default - {"MerchantRequestID":"19397-3616483-1","CheckoutRequestID":"ws_CO_DMZ_258689950_04032019225156416","ResponseCode":"0","ResponseDescription":"Success. Request accepted for processing","CustomerMessage":"Success. Request accepted for processing"}
[2019-03-04T22:51:56.964] [INFO] default - ............./Response Parameters.................
[2019-03-04T22:53:07.864] [INFO] default - #200 .... Request successfully Submited to M-PESA {"phonenumber":"254728655403","email":"mugukuwrites@gmail.com","quotecategory":"Programming"}
[2019-03-04T22:53:07.866] [INFO] default - .............Response Parameters..................
[2019-03-04T22:53:07.866] [INFO] default - {"MerchantRequestID":"22517-8608779-1","CheckoutRequestID":"ws_CO_DMZ_258691285_04032019225307357","ResponseCode":"0","ResponseDescription":"Success. Request accepted for processing","CustomerMessage":"Success. Request accepted for processing"}
[2019-03-04T22:53:07.866] [INFO] default - ............./Response Parameters.................
[2019-03-04T22:53:58.017] [INFO] default - #200 .... Request successfully Submited to M-PESA {"phonenumber":"254728655403","email":"mugukuwrites@gmail.com","quotecategory":"Programming"}
[2019-03-04T22:53:58.018] [INFO] default - .............Response Parameters..................
[2019-03-04T22:53:58.018] [INFO] default - {"MerchantRequestID":"9233-3627350-1","CheckoutRequestID":"ws_CO_DMZ_258692420_04032019225357426","ResponseCode":"0","ResponseDescription":"Success. Request accepted for processing","CustomerMessage":"Success. Request accepted for processing"}
[2019-03-04T22:53:58.018] [INFO] default - ............./Response Parameters.................
[2019-03-04T22:56:51.649] [INFO] default - #200 .... Request successfully Submited to M-PESA {"phonenumber":"254728655403","email":"mugukuwrites@gmail.com","quotecategory":"Programming"}
[2019-03-04T22:56:51.652] [INFO] default - .............Response Parameters..................
[2019-03-04T22:56:51.652] [INFO] default - {"MerchantRequestID":"19391-3619128-1","CheckoutRequestID":"ws_CO_DMZ_258695434_04032019225650967","ResponseCode":"0","ResponseDescription":"Success. Request accepted for processing","CustomerMessage":"Success. Request accepted for processing"}
[2019-03-04T22:56:51.652] [INFO] default - ............./Response Parameters.................
[2019-03-04T22:58:07.618] [INFO] default - #200 .... Request successfully Submited to M-PESA {"phonenumber":"254728655403","email":"mugukuwrites@gmail.com","quotecategory":"Programming"}
[2019-03-04T22:58:07.619] [INFO] default - .............Response Parameters..................
[2019-03-04T22:58:07.620] [INFO] default - {"MerchantRequestID":"19387-3619779-1","CheckoutRequestID":"ws_CO_DMZ_258696765_04032019225807103","ResponseCode":"0","ResponseDescription":"Success. Request accepted for processing","CustomerMessage":"Success. Request accepted for processing"}
[2019-03-04T22:58:07.620] [INFO] default - ............./Response Parameters.................
[2019-03-04T22:59:07.208] [INFO] default - #200 .... Request successfully Submited to M-PESA {"phonenumber":"254728655403","email":"mugukuwrites@gmail.com","quotecategory":"Programming"}
[2019-03-04T22:59:07.210] [INFO] default - .............Response Parameters..................
[2019-03-04T22:59:07.210] [INFO] default - {"MerchantRequestID":"22526-8611988-1","CheckoutRequestID":"ws_CO_DMZ_392809672_04032019225855918","ResponseCode":"0","ResponseDescription":"Success. Request accepted for processing","CustomerMessage":"Success. Request accepted for processing"}
[2019-03-04T22:59:07.210] [INFO] default - ............./Response Parameters.................
[2019-03-04T23:00:17.810] [INFO] default - #200 .... Request successfully Submited to M-PESA {"phonenumber":"254728655403","email":"mugukuwrites@gmail.com","quotecategory":"Programming"}
[2019-03-04T23:00:17.812] [INFO] default - .............Response Parameters..................
[2019-03-04T23:00:17.813] [INFO] default - {"MerchantRequestID":"22531-8612542-1","CheckoutRequestID":"ws_CO_DMZ_258698733_04032019230017424","ResponseCode":"0","ResponseDescription":"Success. Request accepted for processing","CustomerMessage":"Success. Request accepted for processing"}
[2019-03-04T23:00:17.813] [INFO] default - ............./Response Parameters.................
[2019-03-04T23:00:41.819] [INFO] default - #200 .... Request successfully Submited to M-PESA {"phonenumber":"254728655403","email":"mugukuwrites@gmail.com","quotecategory":"Programming"}
[2019-03-04T23:00:41.821] [INFO] default - .............Response Parameters..................
[2019-03-04T23:00:41.821] [INFO] default - {"MerchantRequestID":"19392-3621046-1","CheckoutRequestID":"ws_CO_DMZ_258699058_04032019230041273","ResponseCode":"0","ResponseDescription":"Success. Request accepted for processing","CustomerMessage":"Success. Request accepted for processing"}
[2019-03-04T23:00:41.821] [INFO] default - ............./Response Parameters.................
[2019-03-04T23:01:51.868] [INFO] default - #200 .... Request successfully Submited to M-PESA {"phonenumber":"254728655403","email":"mugukuwrites@gmail.com","quotecategory":"Programming"}
[2019-03-04T23:01:51.871] [INFO] default - .............Response Parameters..................
[2019-03-04T23:01:51.872] [INFO] default - {"MerchantRequestID":"25692-9429064-1","CheckoutRequestID":"ws_CO_DMZ_392811838_04032019230140579","ResponseCode":"0","ResponseDescription":"Success. Request accepted for processing","CustomerMessage":"Success. Request accepted for processing"}
[2019-03-04T23:01:51.872] [INFO] default - ............./Response Parameters.................
[2019-03-04T23:02:34.879] [INFO] default - #200 .... Request successfully Submited to M-PESA {"phonenumber":"254728655403","email":"mugukuwrites@gmail.com","quotecategory":"Programming"}
[2019-03-04T23:02:34.881] [INFO] default - .............Response Parameters..................
[2019-03-04T23:02:34.881] [INFO] default - {"MerchantRequestID":"25696-9429420-1","CheckoutRequestID":"ws_CO_DMZ_392812376_04032019230223670","ResponseCode":"0","ResponseDescription":"Success. Request accepted for processing","CustomerMessage":"Success. Request accepted for processing"}
[2019-03-04T23:02:34.881] [INFO] default - ............./Response Parameters.................
[2019-03-04T23:04:54.447] [INFO] default - #200 .... Request successfully Submited to M-PESA {"phonenumber":"254728655403","email":"mugukuwrites@gmail.com","quotecategory":"Programming"}
[2019-03-04T23:04:54.450] [INFO] default - .............Response Parameters..................
[2019-03-04T23:04:54.450] [INFO] default - {"MerchantRequestID":"9226-3632615-1","CheckoutRequestID":"ws_CO_DMZ_392813921_04032019230443236","ResponseCode":"0","ResponseDescription":"Success. Request accepted for processing","CustomerMessage":"Success. Request accepted for processing"}
[2019-03-04T23:04:54.450] [INFO] default - ............./Response Parameters.................
[2019-03-04T23:06:46.910] [INFO] default - #200 .... Request successfully Submited to M-PESA {"phonenumber":"254728655403","email":"mugukuwrites@gmail.com","quotecategory":"Programming"}
[2019-03-04T23:06:46.912] [INFO] default - .............Response Parameters..................
[2019-03-04T23:06:46.912] [INFO] default - {"MerchantRequestID":"19388-3623506-1","CheckoutRequestID":"ws_CO_DMZ_392814918_04032019230635502","ResponseCode":"0","ResponseDescription":"Success. Request accepted for processing","CustomerMessage":"Success. Request accepted for processing"}
[2019-03-04T23:06:46.913] [INFO] default - ............./Response Parameters.................
[2019-03-05T21:52:08.017] [INFO] default - #400 .... There were errors sending email: Error: No recipients defined
[2019-03-05T22:16:27.307] [INFO] default - #400 .... There were errors sending email: Error: No recipients defined
[2019-03-05T22:18:25.696] [INFO] default - #400 .... There were errors sending email: Error: No recipients defined
[2019-03-05T22:20:13.595] [INFO] default - #400 .... There were errors sending email: Error: No recipients defined
[2019-03-05T22:21:11.349] [INFO] default - #400 .... There were errors sending email: Error: No recipients defined
[2019-03-05T22:21:52.720] [INFO] default - #400 .... There were errors sending email: Error: No recipients defined
[2019-03-05T22:23:11.232] [INFO] default - #400 .... There were errors sending email: Error: No recipients defined
[2019-03-05T22:23:44.132] [INFO] default - #400 .... There were errors sending email: Error: No recipients defined
