::1 - - [03/Mar/2019:14:38:27 +0000] "GET / HTTP/1.1" 304 -
::1 - - [03/Mar/2019:14:38:30 +0000] "POST /pay HTTP/1.1" 200 7760
::1 - - [03/Mar/2019:14:38:34 +0000] "POST /pay HTTP/1.1" 200 7672
::1 - - [03/Mar/2019:14:38:39 +0000] "POST /pay HTTP/1.1" 200 7560
::1 - - [03/Mar/2019:14:38:48 +0000] "POST /pay HTTP/1.1" 200 7560
::1 - - [03/Mar/2019:18:32:22 +0000] "GET / HTTP/1.1" 304 -
::1 - - [03/Mar/2019:18:32:29 +0000] "POST /pay HTTP/1.1" 200 7760
::1 - - [03/Mar/2019:18:32:48 +0000] "POST /pay HTTP/1.1" 200 7672
::1 - - [03/Mar/2019:18:33:05 +0000] "POST /pay HTTP/1.1" 200 7662
::1 - - [03/Mar/2019:19:17:59 +0000] "GET / HTTP/1.1" 304 -
::1 - - [03/Mar/2019:19:18:05 +0000] "POST /pay HTTP/1.1" 200 7760
::1 - - [03/Mar/2019:19:27:24 +0000] "GET / HTTP/1.1" 304 -
::1 - - [03/Mar/2019:19:27:26 +0000] "POST /pay HTTP/1.1" 200 7760
::1 - - [03/Mar/2019:19:27:32 +0000] "POST /pay HTTP/1.1" 200 7672
::1 - - [03/Mar/2019:19:27:38 +0000] "POST /pay HTTP/1.1" 200 7560
::1 - - [03/Mar/2019:19:27:47 +0000] "POST /pay HTTP/1.1" 200 7773
::1 - - [03/Mar/2019:19:29:44 +0000] "POST /pay HTTP/1.1" 200 7560
::1 - - [03/Mar/2019:19:29:55 +0000] "POST /pay HTTP/1.1" 200 7560
::1 - - [03/Mar/2019:19:30:09 +0000] "POST /pay HTTP/1.1" 200 7662
::1 - - [03/Mar/2019:19:32:05 +0000] "GET / HTTP/1.1" 304 -
::1 - - [03/Mar/2019:19:33:21 +0000] "POST /pay HTTP/1.1" 200 7560
::1 - - [03/Mar/2019:19:34:21 +0000] "GET / HTTP/1.1" 200 6809
::1 - - [03/Mar/2019:19:34:42 +0000] "GET / HTTP/1.1" 200 6810
::1 - - [03/Mar/2019:19:35:00 +0000] "GET / HTTP/1.1" 200 6810
::1 - - [03/Mar/2019:19:36:00 +0000] "POST /pay HTTP/1.1" 200 7675
::1 - - [03/Mar/2019:19:37:33 +0000] "POST /pay HTTP/1.1" 200 7742
::1 - - [03/Mar/2019:19:37:54 +0000] "POST /pay HTTP/1.1" 200 7744
::1 - - [03/Mar/2019:19:38:23 +0000] "POST /pay HTTP/1.1" 200 7746
::1 - - [03/Mar/2019:19:40:04 +0000] "POST /pay HTTP/1.1" 200 7987
::1 - - [03/Mar/2019:19:43:16 +0000] "GET /? HTTP/1.1" 200 6810
::1 - - [03/Mar/2019:19:56:51 +0000] "POST /pay HTTP/1.1" 200 7786
::1 - - [03/Mar/2019:19:58:53 +0000] "POST /pay HTTP/1.1" 200 7786
::1 - - [03/Mar/2019:21:19:45 +0000] "POST /pay HTTP/1.1" 200 7786
::1 - - [03/Mar/2019:21:23:12 +0000] "POST /pay HTTP/1.1" - -
::1 - - [03/Mar/2019:21:24:06 +0000] "POST /pay HTTP/1.1" 200 7786
::1 - - [03/Mar/2019:21:26:57 +0000] "POST /pay HTTP/1.1" 200 7786
::1 - - [03/Mar/2019:21:28:18 +0000] "POST /pay HTTP/1.1" 200 7786
::1 - - [03/Mar/2019:21:29:34 +0000] "POST /pay HTTP/1.1" 200 7786
::1 - - [03/Mar/2019:21:34:55 +0000] "POST /pay HTTP/1.1" 200 7786
::1 - - [03/Mar/2019:21:35:34 +0000] "POST /pay HTTP/1.1" 200 7786
::1 - - [03/Mar/2019:21:39:37 +0000] "POST /pay HTTP/1.1" 200 7786
::1 - - [03/Mar/2019:21:41:51 +0000] "POST /pay HTTP/1.1" 200 7786
::1 - - [03/Mar/2019:21:43:24 +0000] "POST /pay HTTP/1.1" 200 7786
::1 - - [03/Mar/2019:21:50:00 +0000] "POST /pay HTTP/1.1" 200 7786
::1 - - [03/Mar/2019:21:52:34 +0000] "POST /pay HTTP/1.1" 200 7786
::1 - - [03/Mar/2019:21:56:18 +0000] "GET /pay HTTP/1.1" 404 2201
::1 - - [03/Mar/2019:21:56:18 +0000] "GET /favicon.ico HTTP/1.1" 404 2201
::1 - - [03/Mar/2019:21:56:22 +0000] "GET / HTTP/1.1" 304 -
::1 - - [03/Mar/2019:21:56:29 +0000] "POST /pay HTTP/1.1" 200 7786
::1 - - [03/Mar/2019:22:07:44 +0000] "POST /pay HTTP/1.1" 200 7786
::1 - - [03/Mar/2019:22:10:02 +0000] "POST /pay HTTP/1.1" 200 7786
::1 - - [04/Mar/2019:08:00:27 +0000] "GET / HTTP/1.1" 304 -
::1 - - [04/Mar/2019:08:01:09 +0000] "POST /pay HTTP/1.1" 200 7786
::1 - - [04/Mar/2019:08:06:28 +0000] "POST /pay HTTP/1.1" 200 7786
::1 - - [04/Mar/2019:08:06:56 +0000] "POST /pay HTTP/1.1" 200 7786
::1 - - [04/Mar/2019:08:09:12 +0000] "POST /pay HTTP/1.1" 200 7786
::1 - - [04/Mar/2019:08:10:19 +0000] "POST /pay HTTP/1.1" 200 7786
::1 - - [04/Mar/2019:08:20:23 +0000] "POST /pay HTTP/1.1" 200 7786
::1 - - [04/Mar/2019:08:22:35 +0000] "POST /pay HTTP/1.1" 200 7786
::1 - - [04/Mar/2019:08:33:11 +0000] "POST /pay HTTP/1.1" 200 7786
::1 - - [04/Mar/2019:08:35:21 +0000] "POST /pay HTTP/1.1" 200 7786
::1 - - [04/Mar/2019:08:37:47 +0000] "POST /pay HTTP/1.1" 200 7786
::1 - - [04/Mar/2019:08:42:01 +0000] "POST /pay HTTP/1.1" 200 7786
::1 - - [04/Mar/2019:08:43:24 +0000] "POST /pay HTTP/1.1" 200 7786
::1 - - [04/Mar/2019:08:45:04 +0000] "POST /pay HTTP/1.1" 200 7786
::1 - - [04/Mar/2019:08:45:27 +0000] "POST /pay HTTP/1.1" 200 7786
::1 - - [04/Mar/2019:08:53:46 +0000] "POST /pay HTTP/1.1" 200 7786
::1 - - [04/Mar/2019:08:55:35 +0000] "POST /pay HTTP/1.1" 200 7786
::1 - - [04/Mar/2019:09:06:15 +0000] "POST /pay HTTP/1.1" 200 7786
::1 - - [04/Mar/2019:09:06:48 +0000] "POST /pay HTTP/1.1" 200 7786
::1 - - [04/Mar/2019:09:39:35 +0000] "GET /? HTTP/1.1" 304 -
::1 - - [04/Mar/2019:09:39:38 +0000] "GET / HTTP/1.1" 304 -
::1 - - [04/Mar/2019:09:39:46 +0000] "POST /pay HTTP/1.1" 200 7786
::1 - - [04/Mar/2019:09:42:48 +0000] "POST /pay HTTP/1.1" 200 7786
